app/build/intermediates/manifest_merge_blame_file/debug/processDebugMainManifest/manifest-merger-blame-debug-report.txt
1<?xml version="1.0" encoding="utf-8"?>
2<manifest xmlns:android="http://schemas.android.com/apk/res/android"
3    package="com.example.twoupprint"
4    android:versionCode="5"
5    android:versionName="1.3.1" >
6
7    <uses-sdk
8        android:minSdkVersion="26"
9        android:targetSdkVersion="34" />
10
11    <uses-permission
11-->src\main\AndroidManifest.xml:4:5-5:38
12        android:name="android.permission.WRITE_EXTERNAL_STORAGE"
12-->src\main\AndroidManifest.xml:4:22-78
13        android:maxSdkVersion="28" />
13-->src\main\AndroidManifest.xml:5:9-35
14    <uses-permission android:name="android.permission.POST_NOTIFICATIONS" />
14-->src\main\AndroidManifest.xml:6:5-77
14-->src\main\AndroidManifest.xml:6:22-74
15    <uses-permission android:name="android.permission.FOREGROUND_SERVICE" />
15-->src\main\AndroidManifest.xml:7:5-77
15-->src\main\AndroidManifest.xml:7:22-74
16    <uses-permission android:name="android.permission.FOREGROUND_SERVICE_SPECIAL_USE" />
16-->src\main\AndroidManifest.xml:8:5-89
16-->src\main\AndroidManifest.xml:8:22-86
17    <uses-permission android:name="android.permission.REQUEST_IGNORE_BATTERY_OPTIMIZATIONS" />
17-->src\main\AndroidManifest.xml:9:5-95
17-->src\main\AndroidManifest.xml:9:22-92
18
19    <permission
19-->[androidx.core:core:1.12.0] AndroidManifest.xml:22:5-24:47
20        android:name="com.example.twoupprint.DYNAMIC_RECEIVER_NOT_EXPORTED_PERMISSION"
20-->[androidx.core:core:1.12.0] AndroidManifest.xml:23:9-81
21        android:protectionLevel="signature" />
21-->[androidx.core:core:1.12.0] AndroidManifest.xml:24:9-44
22
23    <uses-permission android:name="com.example.twoupprint.DYNAMIC_RECEIVER_NOT_EXPORTED_PERMISSION" />
23-->[androidx.core:core:1.12.0] AndroidManifest.xml:26:5-97
23-->[androidx.core:core:1.12.0] AndroidManifest.xml:26:22-94
24
25    <application
25-->src\main\AndroidManifest.xml:11:5-71:19
26        android:allowBackup="true"
26-->src\main\AndroidManifest.xml:12:9-35
27        android:appComponentFactory="androidx.core.app.CoreComponentFactory"
27-->[androidx.core:core:1.12.0] AndroidManifest.xml:28:18-86
28        android:debuggable="true"
29        android:extractNativeLibs="false"
30        android:icon="@mipmap/ic_launcher"
30-->src\main\AndroidManifest.xml:13:9-43
31        android:label="@string/app_name"
31-->src\main\AndroidManifest.xml:14:9-41
32        android:theme="@style/Theme.Material3.Dark.NoActionBar" >
32-->src\main\AndroidManifest.xml:15:9-64
33
34        <!--
35            The print service itself. This is the component the system Print Spooler
36            discovers and lists as a destination, alongside "Save as PDF" and any
37            other installed print services (PrinterShare, HP/Canon/Epson plugins, etc).
38        -->
39        <service
39-->src\main\AndroidManifest.xml:22:9-36:19
40            android:name="com.example.twoupprint.TwoUpPrintService"
40-->src\main\AndroidManifest.xml:23:13-46
41            android:addPrintersActivity=".MainActivity"
41-->src\main\AndroidManifest.xml:28:13-56
42            android:exported="true"
42-->src\main\AndroidManifest.xml:24:13-36
43            android:label="@string/print_service_label"
43-->src\main\AndroidManifest.xml:29:13-56
44            android:permission="android.permission.BIND_PRINT_SERVICE"
44-->src\main\AndroidManifest.xml:26:13-71
45            android:settingsActivity=".MainActivity"
45-->src\main\AndroidManifest.xml:27:13-53
46            android:stopWithTask="false" >
46-->src\main\AndroidManifest.xml:25:13-41
47            <intent-filter>
47-->src\main\AndroidManifest.xml:30:13-32:29
48                <action android:name="android.printservice.PrintService" />
48-->src\main\AndroidManifest.xml:31:17-76
48-->src\main\AndroidManifest.xml:31:25-73
49            </intent-filter>
50
51            <meta-data
51-->src\main\AndroidManifest.xml:33:13-35:56
52                android:name="android.printservice"
52-->src\main\AndroidManifest.xml:34:17-52
53                android:resource="@xml/printservice" />
53-->src\main\AndroidManifest.xml:35:17-53
54        </service>
55
56        <!--
57             Optional: an add-printers activity, not required since we always expose one
58             fixed virtual printer, but the framework wants a settings entry point to exist
59             for the "Add printer" flow to be well-behaved. We reuse the main activity.
60        -->
61        <activity
61-->src\main\AndroidManifest.xml:41:9-51:20
62            android:name="com.example.twoupprint.MainActivity"
62-->src\main\AndroidManifest.xml:42:13-41
63            android:exported="true" >
63-->src\main\AndroidManifest.xml:43:13-36
64            <intent-filter>
64-->src\main\AndroidManifest.xml:44:13-47:29
65                <action android:name="android.intent.action.MAIN" />
65-->src\main\AndroidManifest.xml:45:17-69
65-->src\main\AndroidManifest.xml:45:25-66
66
67                <category android:name="android.intent.category.LAUNCHER" />
67-->src\main\AndroidManifest.xml:46:17-77
67-->src\main\AndroidManifest.xml:46:27-74
68            </intent-filter>
69            <intent-filter>
69-->src\main\AndroidManifest.xml:48:13-50:29
70                <action android:name="android.printservice.ACTION_ADD_PRINTERS" />
70-->src\main\AndroidManifest.xml:49:17-83
70-->src\main\AndroidManifest.xml:49:25-80
71            </intent-filter>
72        </activity>
73        <activity
73-->src\main\AndroidManifest.xml:53:9-58:46
74            android:name="com.example.twoupprint.SaveDestinationActivity"
74-->src\main\AndroidManifest.xml:54:13-52
75            android:excludeFromRecents="true"
75-->src\main\AndroidManifest.xml:57:13-46
76            android:exported="false"
76-->src\main\AndroidManifest.xml:55:13-37
77            android:launchMode="singleTop"
77-->src\main\AndroidManifest.xml:58:13-43
78            android:theme="@android:style/Theme.Translucent.NoTitleBar" />
78-->src\main\AndroidManifest.xml:56:13-72
79
80        <provider
80-->src\main\AndroidManifest.xml:61:9-69:20
81            android:name="androidx.core.content.FileProvider"
81-->src\main\AndroidManifest.xml:62:13-62
82            android:authorities="com.example.twoupprint.fileprovider"
82-->src\main\AndroidManifest.xml:63:13-70
83            android:exported="false"
83-->src\main\AndroidManifest.xml:64:13-37
84            android:grantUriPermissions="true" >
84-->src\main\AndroidManifest.xml:65:13-47
85            <meta-data
85-->src\main\AndroidManifest.xml:66:13-68:54
86                android:name="android.support.FILE_PROVIDER_PATHS"
86-->src\main\AndroidManifest.xml:67:17-67
87                android:resource="@xml/file_paths" />
87-->src\main\AndroidManifest.xml:68:17-51
88        </provider>
89        <provider
89-->[androidx.emoji2:emoji2:1.2.0] AndroidManifest.xml:24:9-32:20
90            android:name="androidx.startup.InitializationProvider"
90-->[androidx.emoji2:emoji2:1.2.0] AndroidManifest.xml:25:13-67
91            android:authorities="com.example.twoupprint.androidx-startup"
91-->[androidx.emoji2:emoji2:1.2.0] AndroidManifest.xml:26:13-68
92            android:exported="false" >
92-->[androidx.emoji2:emoji2:1.2.0] AndroidManifest.xml:27:13-37
93            <meta-data
93-->[androidx.emoji2:emoji2:1.2.0] AndroidManifest.xml:29:13-31:52
94                android:name="androidx.emoji2.text.EmojiCompatInitializer"
94-->[androidx.emoji2:emoji2:1.2.0] AndroidManifest.xml:30:17-75
95                android:value="androidx.startup" />
95-->[androidx.emoji2:emoji2:1.2.0] AndroidManifest.xml:31:17-49
96            <meta-data
96-->[androidx.lifecycle:lifecycle-process:2.6.1] AndroidManifest.xml:29:13-31:52
97                android:name="androidx.lifecycle.ProcessLifecycleInitializer"
97-->[androidx.lifecycle:lifecycle-process:2.6.1] AndroidManifest.xml:30:17-78
98                android:value="androidx.startup" />
98-->[androidx.lifecycle:lifecycle-process:2.6.1] AndroidManifest.xml:31:17-49
99            <meta-data
99-->[androidx.profileinstaller:profileinstaller:1.3.0] AndroidManifest.xml:29:13-31:52
100                android:name="androidx.profileinstaller.ProfileInstallerInitializer"
100-->[androidx.profileinstaller:profileinstaller:1.3.0] AndroidManifest.xml:30:17-85
101                android:value="androidx.startup" />
101-->[androidx.profileinstaller:profileinstaller:1.3.0] AndroidManifest.xml:31:17-49
102        </provider>
103
104        <receiver
104-->[androidx.profileinstaller:profileinstaller:1.3.0] AndroidManifest.xml:34:9-52:20
105            android:name="androidx.profileinstaller.ProfileInstallReceiver"
105-->[androidx.profileinstaller:profileinstaller:1.3.0] AndroidManifest.xml:35:13-76
106            android:directBootAware="false"
106-->[androidx.profileinstaller:profileinstaller:1.3.0] AndroidManifest.xml:36:13-44
107            android:enabled="true"
107-->[androidx.profileinstaller:profileinstaller:1.3.0] AndroidManifest.xml:37:13-35
108            android:exported="true"
108-->[androidx.profileinstaller:profileinstaller:1.3.0] AndroidManifest.xml:38:13-36
109            android:permission="android.permission.DUMP" >
109-->[androidx.profileinstaller:profileinstaller:1.3.0] AndroidManifest.xml:39:13-57
110            <intent-filter>
110-->[androidx.profileinstaller:profileinstaller:1.3.0] AndroidManifest.xml:40:13-42:29
111                <action android:name="androidx.profileinstaller.action.INSTALL_PROFILE" />
111-->[androidx.profileinstaller:profileinstaller:1.3.0] AndroidManifest.xml:41:17-91
111-->[androidx.profileinstaller:profileinstaller:1.3.0] AndroidManifest.xml:41:25-88
112            </intent-filter>
113            <intent-filter>
113-->[androidx.profileinstaller:profileinstaller:1.3.0] AndroidManifest.xml:43:13-45:29
114                <action android:name="androidx.profileinstaller.action.SKIP_FILE" />
114-->[androidx.profileinstaller:profileinstaller:1.3.0] AndroidManifest.xml:44:17-85
114-->[androidx.profileinstaller:profileinstaller:1.3.0] AndroidManifest.xml:44:25-82
115            </intent-filter>
116            <intent-filter>
116-->[androidx.profileinstaller:profileinstaller:1.3.0] AndroidManifest.xml:46:13-48:29
117                <action android:name="androidx.profileinstaller.action.SAVE_PROFILE" />
117-->[androidx.profileinstaller:profileinstaller:1.3.0] AndroidManifest.xml:47:17-88
117-->[androidx.profileinstaller:profileinstaller:1.3.0] AndroidManifest.xml:47:25-85
118            </intent-filter>
119            <intent-filter>
119-->[androidx.profileinstaller:profileinstaller:1.3.0] AndroidManifest.xml:49:13-51:29
120                <action android:name="androidx.profileinstaller.action.BENCHMARK_OPERATION" />
120-->[androidx.profileinstaller:profileinstaller:1.3.0] AndroidManifest.xml:50:17-95
120-->[androidx.profileinstaller:profileinstaller:1.3.0] AndroidManifest.xml:50:25-92
121            </intent-filter>
122        </receiver>
123    </application>
124
125</manifest>